 发生时间：2017-08-17 13:51:17.8045
 日志级别：ERROR
 操作账号：
 操作者IP：
 IP归属地：
 浏 览 器：
 操作模块：
 提示信息：   在 TestingCenterSystem.Service.InGroup.InGroupService.<>c__DisplayClass5_1.<GetList>b__1(SD_FILTER_INFO r) 位置 D:\CDSVN\00.共通框架\02.源代码3.0\TestingCenterSystem.MVC\project\TestingCenterSystem.Service\InGroup\InGroupService.cs:行号 39
   在 System.Collections.Generic.List`1.ForEach(Action`1 action)
   在 TestingCenterSystem.Service.InGroup.InGroupService.GetList(Int32 pageIndex, Int32 pageSize, String keyWord) 位置 D:\CDSVN\00.共通框架\02.源代码3.0\TestingCenterSystem.MVC\project\TestingCenterSystem.Service\InGroup\InGroupService.cs:行号 38
   在 Elight.Web.Areas.TestCenterSystem.Controllers.InGroupController.Index(Int32 pageIndex, Int32 pageSize, String keyWord) 位置 D:\CDSVN\00.共通框架\02.源代码3.0\TestingCenterSystem.MVC\project\Elight.Web\Areas\TestCenterSystem\Controllers\InGroup\InGroupController.cs:行号 50
   在 lambda_method(Closure , ControllerBase , Object[] )
   在 System.Web.Mvc.ActionMethodDispatcher.Execute(ControllerBase controller, Object[] parameters)
   在 System.Web.Mvc.ReflectedActionDescriptor.Execute(ControllerContext controllerContext, IDictionary`2 parameters)
   在 System.Web.Mvc.ControllerActionInvoker.InvokeActionMethod(ControllerContext controllerContext, ActionDescriptor actionDescriptor, IDictionary`2 parameters)
   在 System.Web.Mvc.Async.AsyncControllerActionInvoker.<BeginInvokeSynchronousActionMethod>b__39(IAsyncResult asyncResult, ActionInvocation innerInvokeState)
   在 System.Web.Mvc.Async.AsyncResultWrapper.WrappedAsyncResult`2.CallEndDelegate(IAsyncResult asyncResult)
   在 System.Web.Mvc.Async.AsyncResultWrapper.WrappedAsyncResultBase`1.End()
   在 System.Web.Mvc.Async.AsyncControllerActionInvoker.EndInvokeActionMethod(IAsyncResult asyncResult)
   在 System.Web.Mvc.Async.AsyncControllerActionInvoker.AsyncInvocationWithFilters.<InvokeActionMethodFilterAsynchronouslyRecursive>b__3d()
   在 System.Web.Mvc.Async.AsyncControllerActionInvoker.AsyncInvocationWithFilters.<>c__DisplayClass46.<InvokeActionMethodFilterAsynchronouslyRecursive>b__3f()
   在 System.Web.Mvc.Async.AsyncControllerActionInvoker.<>c__DisplayClass33.<BeginInvokeActionMethodWithFilters>b__32(IAsyncResult asyncResult)
   在 System.Web.Mvc.Async.AsyncResultWrapper.WrappedAsyncResult`1.CallEndDelegate(IAsyncResult asyncResult)
   在 System.Web.Mvc.Async.AsyncResultWrapper.WrappedAsyncResultBase`1.End()
   在 System.Web.Mvc.Async.AsyncControllerActionInvoker.EndInvokeActionMethodWithFilters(IAsyncResult asyncResult)
   在 System.Web.Mvc.Async.AsyncControllerActionInvoker.<>c__DisplayClass21.<>c__DisplayClass2b.<BeginInvokeAction>b__1c()
   在 System.Web.Mvc.Async.AsyncControllerActionInvoker.<>c__DisplayClass21.<BeginInvokeAction>b__1e(IAsyncResult asyncResult)

 发生时间：2017-08-17 13:51:17.8045
 日志级别：ERROR
 操作账号：admin
 操作者IP：192.168.2.127
 IP归属地：未分配或者内网IP  内网IP
 浏 览 器：Chrome 59.0
 操作模块：程序抛异常
 提示信息：   在 TestingCenterSystem.Service.InGroup.InGroupService.<>c__DisplayClass5_1.<GetList>b__1(SD_FILTER_INFO r) 位置 D:\CDSVN\00.共通框架\02.源代码3.0\TestingCenterSystem.MVC\project\TestingCenterSystem.Service\InGroup\InGroupService.cs:行号 39
   在 System.Collections.Generic.List`1.ForEach(Action`1 action)
   在 TestingCenterSystem.Service.InGroup.InGroupService.GetList(Int32 pageIndex, Int32 pageSize, String keyWord) 位置 D:\CDSVN\00.共通框架\02.源代码3.0\TestingCenterSystem.MVC\project\TestingCenterSystem.Service\InGroup\InGroupService.cs:行号 38
   在 Elight.Web.Areas.TestCenterSystem.Controllers.InGroupController.Index(Int32 pageIndex, Int32 pageSize, String keyWord) 位置 D:\CDSVN\00.共通框架\02.源代码3.0\TestingCenterSystem.MVC\project\Elight.Web\Areas\TestCenterSystem\Controllers\InGroup\InGroupController.cs:行号 50
   在 lambda_method(Closure , ControllerBase , Object[] )
   在 System.Web.Mvc.ActionMethodDispatcher.Execute(ControllerBase controller, Object[] parameters)
   在 System.Web.Mvc.ReflectedActionDescriptor.Execute(ControllerContext controllerContext, IDictionary`2 parameters)
   在 System.Web.Mvc.ControllerActionInvoker.InvokeActionMethod(ControllerContext controllerContext, ActionDescriptor actionDescriptor, IDictionary`2 parameters)
   在 System.Web.Mvc.Async.AsyncControllerActionInvoker.<BeginInvokeSynchronousActionMethod>b__39(IAsyncResult asyncResult, ActionInvocation innerInvokeState)
   在 System.Web.Mvc.Async.AsyncResultWrapper.WrappedAsyncResult`2.CallEndDelegate(IAsyncResult asyncResult)
   在 System.Web.Mvc.Async.AsyncResultWrapper.WrappedAsyncResultBase`1.End()
   在 System.Web.Mvc.Async.AsyncControllerActionInvoker.EndInvokeActionMethod(IAsyncResult asyncResult)
   在 System.Web.Mvc.Async.AsyncControllerActionInvoker.AsyncInvocationWithFilters.<InvokeActionMethodFilterAsynchronouslyRecursive>b__3d()
   在 System.Web.Mvc.Async.AsyncControllerActionInvoker.AsyncInvocationWithFilters.<>c__DisplayClass46.<InvokeActionMethodFilterAsynchronouslyRecursive>b__3f()
   在 System.Web.Mvc.Async.AsyncControllerActionInvoker.<>c__DisplayClass33.<BeginInvokeActionMethodWithFilters>b__32(IAsyncResult asyncResult)
   在 System.Web.Mvc.Async.AsyncResultWrapper.WrappedAsyncResult`1.CallEndDelegate(IAsyncResult asyncResult)
   在 System.Web.Mvc.Async.AsyncResultWrapper.WrappedAsyncResultBase`1.End()
   在 System.Web.Mvc.Async.AsyncControllerActionInvoker.EndInvokeActionMethodWithFilters(IAsyncResult asyncResult)
   在 System.Web.Mvc.Async.AsyncControllerActionInvoker.<>c__DisplayClass21.<>c__DisplayClass2b.<BeginInvokeAction>b__1c()
   在 System.Web.Mvc.Async.AsyncControllerActionInvoker.<>c__DisplayClass21.<BeginInvokeAction>b__1e(IAsyncResult asyncResult)

 发生时间：2017-08-17 13:51:46.9507
 日志级别：ERROR
 操作账号：
 操作者IP：
 IP归属地：
 浏 览 器：
 操作模块：
 提示信息：   在 TestingCenterSystem.Service.InGroup.InGroupService.<>c__DisplayClass5_1.<GetList>b__1(SD_FILTER_INFO r) 位置 D:\CDSVN\00.共通框架\02.源代码3.0\TestingCenterSystem.MVC\project\TestingCenterSystem.Service\InGroup\InGroupService.cs:行号 39
   在 System.Collections.Generic.List`1.ForEach(Action`1 action)
   在 TestingCenterSystem.Service.InGroup.InGroupService.GetList(Int32 pageIndex, Int32 pageSize, String keyWord) 位置 D:\CDSVN\00.共通框架\02.源代码3.0\TestingCenterSystem.MVC\project\TestingCenterSystem.Service\InGroup\InGroupService.cs:行号 38
   在 Elight.Web.Areas.TestCenterSystem.Controllers.InGroupController.Index(Int32 pageIndex, Int32 pageSize, String keyWord) 位置 D:\CDSVN\00.共通框架\02.源代码3.0\TestingCenterSystem.MVC\project\Elight.Web\Areas\TestCenterSystem\Controllers\InGroup\InGroupController.cs:行号 50
   在 lambda_method(Closure , ControllerBase , Object[] )
   在 System.Web.Mvc.ActionMethodDispatcher.Execute(ControllerBase controller, Object[] parameters)
   在 System.Web.Mvc.ReflectedActionDescriptor.Execute(ControllerContext controllerContext, IDictionary`2 parameters)
   在 System.Web.Mvc.ControllerActionInvoker.InvokeActionMethod(ControllerContext controllerContext, ActionDescriptor actionDescriptor, IDictionary`2 parameters)
   在 System.Web.Mvc.Async.AsyncControllerActionInvoker.<BeginInvokeSynchronousActionMethod>b__39(IAsyncResult asyncResult, ActionInvocation innerInvokeState)
   在 System.Web.Mvc.Async.AsyncResultWrapper.WrappedAsyncResult`2.CallEndDelegate(IAsyncResult asyncResult)
   在 System.Web.Mvc.Async.AsyncResultWrapper.WrappedAsyncResultBase`1.End()
   在 System.Web.Mvc.Async.AsyncControllerActionInvoker.EndInvokeActionMethod(IAsyncResult asyncResult)
   在 System.Web.Mvc.Async.AsyncControllerActionInvoker.AsyncInvocationWithFilters.<InvokeActionMethodFilterAsynchronouslyRecursive>b__3d()
   在 System.Web.Mvc.Async.AsyncControllerActionInvoker.AsyncInvocationWithFilters.<>c__DisplayClass46.<InvokeActionMethodFilterAsynchronouslyRecursive>b__3f()
   在 System.Web.Mvc.Async.AsyncControllerActionInvoker.<>c__DisplayClass33.<BeginInvokeActionMethodWithFilters>b__32(IAsyncResult asyncResult)
   在 System.Web.Mvc.Async.AsyncResultWrapper.WrappedAsyncResult`1.CallEndDelegate(IAsyncResult asyncResult)
   在 System.Web.Mvc.Async.AsyncResultWrapper.WrappedAsyncResultBase`1.End()
   在 System.Web.Mvc.Async.AsyncControllerActionInvoker.EndInvokeActionMethodWithFilters(IAsyncResult asyncResult)
   在 System.Web.Mvc.Async.AsyncControllerActionInvoker.<>c__DisplayClass21.<>c__DisplayClass2b.<BeginInvokeAction>b__1c()
   在 System.Web.Mvc.Async.AsyncControllerActionInvoker.<>c__DisplayClass21.<BeginInvokeAction>b__1e(IAsyncResult asyncResult)

 发生时间：2017-08-17 13:51:46.9507
 日志级别：ERROR
 操作账号：admin
 操作者IP：192.168.2.127
 IP归属地：未分配或者内网IP  内网IP
 浏 览 器：Chrome 59.0
 操作模块：程序抛异常
 提示信息：   在 TestingCenterSystem.Service.InGroup.InGroupService.<>c__DisplayClass5_1.<GetList>b__1(SD_FILTER_INFO r) 位置 D:\CDSVN\00.共通框架\02.源代码3.0\TestingCenterSystem.MVC\project\TestingCenterSystem.Service\InGroup\InGroupService.cs:行号 39
   在 System.Collections.Generic.List`1.ForEach(Action`1 action)
   在 TestingCenterSystem.Service.InGroup.InGroupService.GetList(Int32 pageIndex, Int32 pageSize, String keyWord) 位置 D:\CDSVN\00.共通框架\02.源代码3.0\TestingCenterSystem.MVC\project\TestingCenterSystem.Service\InGroup\InGroupService.cs:行号 38
   在 Elight.Web.Areas.TestCenterSystem.Controllers.InGroupController.Index(Int32 pageIndex, Int32 pageSize, String keyWord) 位置 D:\CDSVN\00.共通框架\02.源代码3.0\TestingCenterSystem.MVC\project\Elight.Web\Areas\TestCenterSystem\Controllers\InGroup\InGroupController.cs:行号 50
   在 lambda_method(Closure , ControllerBase , Object[] )
   在 System.Web.Mvc.ActionMethodDispatcher.Execute(ControllerBase controller, Object[] parameters)
   在 System.Web.Mvc.ReflectedActionDescriptor.Execute(ControllerContext controllerContext, IDictionary`2 parameters)
   在 System.Web.Mvc.ControllerActionInvoker.InvokeActionMethod(ControllerContext controllerContext, ActionDescriptor actionDescriptor, IDictionary`2 parameters)
   在 System.Web.Mvc.Async.AsyncControllerActionInvoker.<BeginInvokeSynchronousActionMethod>b__39(IAsyncResult asyncResult, ActionInvocation innerInvokeState)
   在 System.Web.Mvc.Async.AsyncResultWrapper.WrappedAsyncResult`2.CallEndDelegate(IAsyncResult asyncResult)
   在 System.Web.Mvc.Async.AsyncResultWrapper.WrappedAsyncResultBase`1.End()
   在 System.Web.Mvc.Async.AsyncControllerActionInvoker.EndInvokeActionMethod(IAsyncResult asyncResult)
   在 System.Web.Mvc.Async.AsyncControllerActionInvoker.AsyncInvocationWithFilters.<InvokeActionMethodFilterAsynchronouslyRecursive>b__3d()
   在 System.Web.Mvc.Async.AsyncControllerActionInvoker.AsyncInvocationWithFilters.<>c__DisplayClass46.<InvokeActionMethodFilterAsynchronouslyRecursive>b__3f()
   在 System.Web.Mvc.Async.AsyncControllerActionInvoker.<>c__DisplayClass33.<BeginInvokeActionMethodWithFilters>b__32(IAsyncResult asyncResult)
   在 System.Web.Mvc.Async.AsyncResultWrapper.WrappedAsyncResult`1.CallEndDelegate(IAsyncResult asyncResult)
   在 System.Web.Mvc.Async.AsyncResultWrapper.WrappedAsyncResultBase`1.End()
   在 System.Web.Mvc.Async.AsyncControllerActionInvoker.EndInvokeActionMethodWithFilters(IAsyncResult asyncResult)
   在 System.Web.Mvc.Async.AsyncControllerActionInvoker.<>c__DisplayClass21.<>c__DisplayClass2b.<BeginInvokeAction>b__1c()
   在 System.Web.Mvc.Async.AsyncControllerActionInvoker.<>c__DisplayClass21.<BeginInvokeAction>b__1e(IAsyncResult asyncResult)

 发生时间：2017-08-17 14:10:12.8175
 日志级别：ERROR
 操作账号：
 操作者IP：
 IP归属地：
 浏 览 器：
 操作模块：
 提示信息：   在 TestingCenterSystem.Service.InGroup.InGroupService.<>c__DisplayClass5_1.<GetList>b__1(SD_FILTER_INFO r) 位置 D:\CDSVN\00.共通框架\02.源代码3.0\TestingCenterSystem.MVC\project\TestingCenterSystem.Service\InGroup\InGroupService.cs:行号 39
   在 System.Collections.Generic.List`1.ForEach(Action`1 action)
   在 TestingCenterSystem.Service.InGroup.InGroupService.GetList(Int32 pageIndex, Int32 pageSize, String keyWord) 位置 D:\CDSVN\00.共通框架\02.源代码3.0\TestingCenterSystem.MVC\project\TestingCenterSystem.Service\InGroup\InGroupService.cs:行号 38
   在 Elight.Web.Areas.TestCenterSystem.Controllers.InGroupController.Index(Int32 pageIndex, Int32 pageSize, String keyWord) 位置 D:\CDSVN\00.共通框架\02.源代码3.0\TestingCenterSystem.MVC\project\Elight.Web\Areas\TestCenterSystem\Controllers\InGroup\InGroupController.cs:行号 50
   在 lambda_method(Closure , ControllerBase , Object[] )
   在 System.Web.Mvc.ActionMethodDispatcher.Execute(ControllerBase controller, Object[] parameters)
   在 System.Web.Mvc.ReflectedActionDescriptor.Execute(ControllerContext controllerContext, IDictionary`2 parameters)
   在 System.Web.Mvc.ControllerActionInvoker.InvokeActionMethod(ControllerContext controllerContext, ActionDescriptor actionDescriptor, IDictionary`2 parameters)
   在 System.Web.Mvc.Async.AsyncControllerActionInvoker.<BeginInvokeSynchronousActionMethod>b__39(IAsyncResult asyncResult, ActionInvocation innerInvokeState)
   在 System.Web.Mvc.Async.AsyncResultWrapper.WrappedAsyncResult`2.CallEndDelegate(IAsyncResult asyncResult)
   在 System.Web.Mvc.Async.AsyncResultWrapper.WrappedAsyncResultBase`1.End()
   在 System.Web.Mvc.Async.AsyncControllerActionInvoker.EndInvokeActionMethod(IAsyncResult asyncResult)
   在 System.Web.Mvc.Async.AsyncControllerActionInvoker.AsyncInvocationWithFilters.<InvokeActionMethodFilterAsynchronouslyRecursive>b__3d()
   在 System.Web.Mvc.Async.AsyncControllerActionInvoker.AsyncInvocationWithFilters.<>c__DisplayClass46.<InvokeActionMethodFilterAsynchronouslyRecursive>b__3f()
   在 System.Web.Mvc.Async.AsyncControllerActionInvoker.<>c__DisplayClass33.<BeginInvokeActionMethodWithFilters>b__32(IAsyncResult asyncResult)
   在 System.Web.Mvc.Async.AsyncResultWrapper.WrappedAsyncResult`1.CallEndDelegate(IAsyncResult asyncResult)
   在 System.Web.Mvc.Async.AsyncResultWrapper.WrappedAsyncResultBase`1.End()
   在 System.Web.Mvc.Async.AsyncControllerActionInvoker.EndInvokeActionMethodWithFilters(IAsyncResult asyncResult)
   在 System.Web.Mvc.Async.AsyncControllerActionInvoker.<>c__DisplayClass21.<>c__DisplayClass2b.<BeginInvokeAction>b__1c()
   在 System.Web.Mvc.Async.AsyncControllerActionInvoker.<>c__DisplayClass21.<BeginInvokeAction>b__1e(IAsyncResult asyncResult)

 发生时间：2017-08-17 14:10:12.8200
 日志级别：ERROR
 操作账号：admin
 操作者IP：192.168.2.127
 IP归属地：未分配或者内网IP  内网IP
 浏 览 器：Chrome 59.0
 操作模块：程序抛异常
 提示信息：   在 TestingCenterSystem.Service.InGroup.InGroupService.<>c__DisplayClass5_1.<GetList>b__1(SD_FILTER_INFO r) 位置 D:\CDSVN\00.共通框架\02.源代码3.0\TestingCenterSystem.MVC\project\TestingCenterSystem.Service\InGroup\InGroupService.cs:行号 39
   在 System.Collections.Generic.List`1.ForEach(Action`1 action)
   在 TestingCenterSystem.Service.InGroup.InGroupService.GetList(Int32 pageIndex, Int32 pageSize, String keyWord) 位置 D:\CDSVN\00.共通框架\02.源代码3.0\TestingCenterSystem.MVC\project\TestingCenterSystem.Service\InGroup\InGroupService.cs:行号 38
   在 Elight.Web.Areas.TestCenterSystem.Controllers.InGroupController.Index(Int32 pageIndex, Int32 pageSize, String keyWord) 位置 D:\CDSVN\00.共通框架\02.源代码3.0\TestingCenterSystem.MVC\project\Elight.Web\Areas\TestCenterSystem\Controllers\InGroup\InGroupController.cs:行号 50
   在 lambda_method(Closure , ControllerBase , Object[] )
   在 System.Web.Mvc.ActionMethodDispatcher.Execute(ControllerBase controller, Object[] parameters)
   在 System.Web.Mvc.ReflectedActionDescriptor.Execute(ControllerContext controllerContext, IDictionary`2 parameters)
   在 System.Web.Mvc.ControllerActionInvoker.InvokeActionMethod(ControllerContext controllerContext, ActionDescriptor actionDescriptor, IDictionary`2 parameters)
   在 System.Web.Mvc.Async.AsyncControllerActionInvoker.<BeginInvokeSynchronousActionMethod>b__39(IAsyncResult asyncResult, ActionInvocation innerInvokeState)
   在 System.Web.Mvc.Async.AsyncResultWrapper.WrappedAsyncResult`2.CallEndDelegate(IAsyncResult asyncResult)
   在 System.Web.Mvc.Async.AsyncResultWrapper.WrappedAsyncResultBase`1.End()
   在 System.Web.Mvc.Async.AsyncControllerActionInvoker.EndInvokeActionMethod(IAsyncResult asyncResult)
   在 System.Web.Mvc.Async.AsyncControllerActionInvoker.AsyncInvocationWithFilters.<InvokeActionMethodFilterAsynchronouslyRecursive>b__3d()
   在 System.Web.Mvc.Async.AsyncControllerActionInvoker.AsyncInvocationWithFilters.<>c__DisplayClass46.<InvokeActionMethodFilterAsynchronouslyRecursive>b__3f()
   在 System.Web.Mvc.Async.AsyncControllerActionInvoker.<>c__DisplayClass33.<BeginInvokeActionMethodWithFilters>b__32(IAsyncResult asyncResult)
   在 System.Web.Mvc.Async.AsyncResultWrapper.WrappedAsyncResult`1.CallEndDelegate(IAsyncResult asyncResult)
   在 System.Web.Mvc.Async.AsyncResultWrapper.WrappedAsyncResultBase`1.End()
   在 System.Web.Mvc.Async.AsyncControllerActionInvoker.EndInvokeActionMethodWithFilters(IAsyncResult asyncResult)
   在 System.Web.Mvc.Async.AsyncControllerActionInvoker.<>c__DisplayClass21.<>c__DisplayClass2b.<BeginInvokeAction>b__1c()
   在 System.Web.Mvc.Async.AsyncControllerActionInvoker.<>c__DisplayClass21.<BeginInvokeAction>b__1e(IAsyncResult asyncResult)

 发生时间：2017-08-17 17:09:21.7752
 日志级别：ERROR
 操作账号：
 操作者IP：
 IP归属地：
 浏 览 器：
 操作模块：
 提示信息：   在 TestingCenterSystem.Service.InGroup.InGroupService.<>c__DisplayClass5_1.<GetList>b__1(SD_FILTER_INFO r) 位置 D:\CDSVN\00.共通框架\02.源代码3.0\TestingCenterSystem.MVC\project\TestingCenterSystem.Service\InGroup\InGroupService.cs:行号 39
   在 System.Collections.Generic.List`1.ForEach(Action`1 action)
   在 TestingCenterSystem.Service.InGroup.InGroupService.GetList(Int32 pageIndex, Int32 pageSize, String keyWord) 位置 D:\CDSVN\00.共通框架\02.源代码3.0\TestingCenterSystem.MVC\project\TestingCenterSystem.Service\InGroup\InGroupService.cs:行号 38
   在 Elight.Web.Areas.TestCenterSystem.Controllers.InGroupController.Index(Int32 pageIndex, Int32 pageSize, String keyWord) 位置 D:\CDSVN\00.共通框架\02.源代码3.0\TestingCenterSystem.MVC\project\Elight.Web\Areas\TestCenterSystem\Controllers\InGroup\InGroupController.cs:行号 50
   在 lambda_method(Closure , ControllerBase , Object[] )
   在 System.Web.Mvc.ReflectedActionDescriptor.Execute(ControllerContext controllerContext, IDictionary`2 parameters)
   在 System.Web.Mvc.ControllerActionInvoker.InvokeActionMethod(ControllerContext controllerContext, ActionDescriptor actionDescriptor, IDictionary`2 parameters)
   在 System.Web.Mvc.Async.AsyncControllerActionInvoker.<BeginInvokeSynchronousActionMethod>b__39(IAsyncResult asyncResult, ActionInvocation innerInvokeState)
   在 System.Web.Mvc.Async.AsyncResultWrapper.WrappedAsyncResult`2.CallEndDelegate(IAsyncResult asyncResult)
   在 System.Web.Mvc.Async.AsyncControllerActionInvoker.EndInvokeActionMethod(IAsyncResult asyncResult)
   在 System.Web.Mvc.Async.AsyncControllerActionInvoker.AsyncInvocationWithFilters.<InvokeActionMethodFilterAsynchronouslyRecursive>b__3d()
   在 System.Web.Mvc.Async.AsyncControllerActionInvoker.AsyncInvocationWithFilters.<>c__DisplayClass46.<InvokeActionMethodFilterAsynchronouslyRecursive>b__3f()
   在 System.Web.Mvc.Async.AsyncControllerActionInvoker.EndInvokeActionMethodWithFilters(IAsyncResult asyncResult)
   在 System.Web.Mvc.Async.AsyncControllerActionInvoker.<>c__DisplayClass21.<>c__DisplayClass2b.<BeginInvokeAction>b__1c()
   在 System.Web.Mvc.Async.AsyncControllerActionInvoker.<>c__DisplayClass21.<BeginInvokeAction>b__1e(IAsyncResult asyncResult)

 发生时间：2017-08-17 17:09:21.7955
 日志级别：ERROR
 操作账号：admin
 操作者IP：192.168.2.127
 IP归属地：未分配或者内网IP  内网IP
 浏 览 器：Chrome 59.0
 操作模块：程序抛异常
 提示信息：   在 TestingCenterSystem.Service.InGroup.InGroupService.<>c__DisplayClass5_1.<GetList>b__1(SD_FILTER_INFO r) 位置 D:\CDSVN\00.共通框架\02.源代码3.0\TestingCenterSystem.MVC\project\TestingCenterSystem.Service\InGroup\InGroupService.cs:行号 39
   在 System.Collections.Generic.List`1.ForEach(Action`1 action)
   在 TestingCenterSystem.Service.InGroup.InGroupService.GetList(Int32 pageIndex, Int32 pageSize, String keyWord) 位置 D:\CDSVN\00.共通框架\02.源代码3.0\TestingCenterSystem.MVC\project\TestingCenterSystem.Service\InGroup\InGroupService.cs:行号 38
   在 Elight.Web.Areas.TestCenterSystem.Controllers.InGroupController.Index(Int32 pageIndex, Int32 pageSize, String keyWord) 位置 D:\CDSVN\00.共通框架\02.源代码3.0\TestingCenterSystem.MVC\project\Elight.Web\Areas\TestCenterSystem\Controllers\InGroup\InGroupController.cs:行号 50
   在 lambda_method(Closure , ControllerBase , Object[] )
   在 System.Web.Mvc.ReflectedActionDescriptor.Execute(ControllerContext controllerContext, IDictionary`2 parameters)
   在 System.Web.Mvc.ControllerActionInvoker.InvokeActionMethod(ControllerContext controllerContext, ActionDescriptor actionDescriptor, IDictionary`2 parameters)
   在 System.Web.Mvc.Async.AsyncControllerActionInvoker.<BeginInvokeSynchronousActionMethod>b__39(IAsyncResult asyncResult, ActionInvocation innerInvokeState)
   在 System.Web.Mvc.Async.AsyncResultWrapper.WrappedAsyncResult`2.CallEndDelegate(IAsyncResult asyncResult)
   在 System.Web.Mvc.Async.AsyncControllerActionInvoker.EndInvokeActionMethod(IAsyncResult asyncResult)
   在 System.Web.Mvc.Async.AsyncControllerActionInvoker.AsyncInvocationWithFilters.<InvokeActionMethodFilterAsynchronouslyRecursive>b__3d()
   在 System.Web.Mvc.Async.AsyncControllerActionInvoker.AsyncInvocationWithFilters.<>c__DisplayClass46.<InvokeActionMethodFilterAsynchronouslyRecursive>b__3f()
   在 System.Web.Mvc.Async.AsyncControllerActionInvoker.EndInvokeActionMethodWithFilters(IAsyncResult asyncResult)
   在 System.Web.Mvc.Async.AsyncControllerActionInvoker.<>c__DisplayClass21.<>c__DisplayClass2b.<BeginInvokeAction>b__1c()
   在 System.Web.Mvc.Async.AsyncControllerActionInvoker.<>c__DisplayClass21.<BeginInvokeAction>b__1e(IAsyncResult asyncResult)

