 发生时间：2017-08-11 15:36:26.7670
 日志级别：ERROR
 操作账号：
 操作者IP：
 IP归属地：
 浏 览 器：
 操作模块：
 提示信息：   在 System.Data.Entity.Internal.InternalContext.SaveChanges()
   在 TestingCenter.Models.PDPContext.SaveChanges() 位置 D:\CDSVN\00.共通框架\02.源代码3.0\TestingCenterSystem.MVC\project\TestingCenterSystem.Models\PDP\PDPContext.cs:行号 16
   在 TestingCenterSystem.Service.BaseService`1.Insert(TEntity model) 位置 D:\CDSVN\00.共通框架\02.源代码3.0\TestingCenterSystem.MVC\project\TestingCenterSystem.Service\BaseService.cs:行号 86
   在 TestingCenterSystem.Service.KPI.KPIService.Insert(SD_EKPI_INFO model) 位置 D:\CDSVN\00.共通框架\02.源代码3.0\TestingCenterSystem.MVC\project\TestingCenterSystem.Service\KPI\KPIService.cs:行号 105
   在 Elight.Web.Areas.TestCenterSystem.Controllers.KPIController.Form(SD_EKPI_INFOViewModel model) 位置 D:\CDSVN\00.共通框架\02.源代码3.0\TestingCenterSystem.MVC\project\Elight.Web\Areas\TestCenterSystem\Controllers\KPI\KPIController.cs:行号 83
   在 lambda_method(Closure , ControllerBase , Object[] )
   在 System.Web.Mvc.ReflectedActionDescriptor.Execute(ControllerContext controllerContext, IDictionary`2 parameters)
   在 System.Web.Mvc.ControllerActionInvoker.InvokeActionMethod(ControllerContext controllerContext, ActionDescriptor actionDescriptor, IDictionary`2 parameters)
   在 System.Web.Mvc.Async.AsyncControllerActionInvoker.<BeginInvokeSynchronousActionMethod>b__39(IAsyncResult asyncResult, ActionInvocation innerInvokeState)
   在 System.Web.Mvc.Async.AsyncResultWrapper.WrappedAsyncResult`2.CallEndDelegate(IAsyncResult asyncResult)
   在 System.Web.Mvc.Async.AsyncControllerActionInvoker.EndInvokeActionMethod(IAsyncResult asyncResult)
   在 System.Web.Mvc.Async.AsyncControllerActionInvoker.AsyncInvocationWithFilters.<InvokeActionMethodFilterAsynchronouslyRecursive>b__3d()
   在 System.Web.Mvc.Async.AsyncControllerActionInvoker.AsyncInvocationWithFilters.<>c__DisplayClass46.<InvokeActionMethodFilterAsynchronouslyRecursive>b__3f()
   在 System.Web.Mvc.Async.AsyncControllerActionInvoker.EndInvokeActionMethodWithFilters(IAsyncResult asyncResult)
   在 System.Web.Mvc.Async.AsyncControllerActionInvoker.<>c__DisplayClass21.<>c__DisplayClass2b.<BeginInvokeAction>b__1c()
   在 System.Web.Mvc.Async.AsyncControllerActionInvoker.<>c__DisplayClass21.<BeginInvokeAction>b__1e(IAsyncResult asyncResult)

 发生时间：2017-08-11 15:36:26.7670
 日志级别：ERROR
 操作账号：admin
 操作者IP：192.168.2.127
 IP归属地：未分配或者内网IP  
 浏 览 器：Chrome 59.0
 操作模块：程序抛异常
 提示信息：   在 System.Data.Entity.Internal.InternalContext.SaveChanges()
   在 TestingCenter.Models.PDPContext.SaveChanges() 位置 D:\CDSVN\00.共通框架\02.源代码3.0\TestingCenterSystem.MVC\project\TestingCenterSystem.Models\PDP\PDPContext.cs:行号 16
   在 TestingCenterSystem.Service.BaseService`1.Insert(TEntity model) 位置 D:\CDSVN\00.共通框架\02.源代码3.0\TestingCenterSystem.MVC\project\TestingCenterSystem.Service\BaseService.cs:行号 86
   在 TestingCenterSystem.Service.KPI.KPIService.Insert(SD_EKPI_INFO model) 位置 D:\CDSVN\00.共通框架\02.源代码3.0\TestingCenterSystem.MVC\project\TestingCenterSystem.Service\KPI\KPIService.cs:行号 105
   在 Elight.Web.Areas.TestCenterSystem.Controllers.KPIController.Form(SD_EKPI_INFOViewModel model) 位置 D:\CDSVN\00.共通框架\02.源代码3.0\TestingCenterSystem.MVC\project\Elight.Web\Areas\TestCenterSystem\Controllers\KPI\KPIController.cs:行号 83
   在 lambda_method(Closure , ControllerBase , Object[] )
   在 System.Web.Mvc.ReflectedActionDescriptor.Execute(ControllerContext controllerContext, IDictionary`2 parameters)
   在 System.Web.Mvc.ControllerActionInvoker.InvokeActionMethod(ControllerContext controllerContext, ActionDescriptor actionDescriptor, IDictionary`2 parameters)
   在 System.Web.Mvc.Async.AsyncControllerActionInvoker.<BeginInvokeSynchronousActionMethod>b__39(IAsyncResult asyncResult, ActionInvocation innerInvokeState)
   在 System.Web.Mvc.Async.AsyncResultWrapper.WrappedAsyncResult`2.CallEndDelegate(IAsyncResult asyncResult)
   在 System.Web.Mvc.Async.AsyncControllerActionInvoker.EndInvokeActionMethod(IAsyncResult asyncResult)
   在 System.Web.Mvc.Async.AsyncControllerActionInvoker.AsyncInvocationWithFilters.<InvokeActionMethodFilterAsynchronouslyRecursive>b__3d()
   在 System.Web.Mvc.Async.AsyncControllerActionInvoker.AsyncInvocationWithFilters.<>c__DisplayClass46.<InvokeActionMethodFilterAsynchronouslyRecursive>b__3f()
   在 System.Web.Mvc.Async.AsyncControllerActionInvoker.EndInvokeActionMethodWithFilters(IAsyncResult asyncResult)
   在 System.Web.Mvc.Async.AsyncControllerActionInvoker.<>c__DisplayClass21.<>c__DisplayClass2b.<BeginInvokeAction>b__1c()
   在 System.Web.Mvc.Async.AsyncControllerActionInvoker.<>c__DisplayClass21.<BeginInvokeAction>b__1e(IAsyncResult asyncResult)

 发生时间：2017-08-11 15:36:38.9756
 日志级别：ERROR
 操作账号：
 操作者IP：
 IP归属地：
 浏 览 器：
 操作模块：
 提示信息：   在 System.Data.Entity.Internal.InternalContext.SaveChanges()
   在 TestingCenter.Models.PDPContext.SaveChanges() 位置 D:\CDSVN\00.共通框架\02.源代码3.0\TestingCenterSystem.MVC\project\TestingCenterSystem.Models\PDP\PDPContext.cs:行号 16
   在 TestingCenterSystem.Service.BaseService`1.Insert(TEntity model) 位置 D:\CDSVN\00.共通框架\02.源代码3.0\TestingCenterSystem.MVC\project\TestingCenterSystem.Service\BaseService.cs:行号 86
   在 TestingCenterSystem.Service.KPI.KPIService.Insert(SD_EKPI_INFO model) 位置 D:\CDSVN\00.共通框架\02.源代码3.0\TestingCenterSystem.MVC\project\TestingCenterSystem.Service\KPI\KPIService.cs:行号 105
   在 Elight.Web.Areas.TestCenterSystem.Controllers.KPIController.Form(SD_EKPI_INFOViewModel model) 位置 D:\CDSVN\00.共通框架\02.源代码3.0\TestingCenterSystem.MVC\project\Elight.Web\Areas\TestCenterSystem\Controllers\KPI\KPIController.cs:行号 83
   在 lambda_method(Closure , ControllerBase , Object[] )
   在 System.Web.Mvc.ReflectedActionDescriptor.Execute(ControllerContext controllerContext, IDictionary`2 parameters)
   在 System.Web.Mvc.ControllerActionInvoker.InvokeActionMethod(ControllerContext controllerContext, ActionDescriptor actionDescriptor, IDictionary`2 parameters)
   在 System.Web.Mvc.Async.AsyncControllerActionInvoker.<BeginInvokeSynchronousActionMethod>b__39(IAsyncResult asyncResult, ActionInvocation innerInvokeState)
   在 System.Web.Mvc.Async.AsyncResultWrapper.WrappedAsyncResult`2.CallEndDelegate(IAsyncResult asyncResult)
   在 System.Web.Mvc.Async.AsyncControllerActionInvoker.EndInvokeActionMethod(IAsyncResult asyncResult)
   在 System.Web.Mvc.Async.AsyncControllerActionInvoker.AsyncInvocationWithFilters.<InvokeActionMethodFilterAsynchronouslyRecursive>b__3d()
   在 System.Web.Mvc.Async.AsyncControllerActionInvoker.AsyncInvocationWithFilters.<>c__DisplayClass46.<InvokeActionMethodFilterAsynchronouslyRecursive>b__3f()
   在 System.Web.Mvc.Async.AsyncControllerActionInvoker.EndInvokeActionMethodWithFilters(IAsyncResult asyncResult)
   在 System.Web.Mvc.Async.AsyncControllerActionInvoker.<>c__DisplayClass21.<>c__DisplayClass2b.<BeginInvokeAction>b__1c()
   在 System.Web.Mvc.Async.AsyncControllerActionInvoker.<>c__DisplayClass21.<BeginInvokeAction>b__1e(IAsyncResult asyncResult)

 发生时间：2017-08-11 15:36:38.9756
 日志级别：ERROR
 操作账号：admin
 操作者IP：192.168.2.127
 IP归属地：未分配或者内网IP  
 浏 览 器：Chrome 59.0
 操作模块：程序抛异常
 提示信息：   在 System.Data.Entity.Internal.InternalContext.SaveChanges()
   在 TestingCenter.Models.PDPContext.SaveChanges() 位置 D:\CDSVN\00.共通框架\02.源代码3.0\TestingCenterSystem.MVC\project\TestingCenterSystem.Models\PDP\PDPContext.cs:行号 16
   在 TestingCenterSystem.Service.BaseService`1.Insert(TEntity model) 位置 D:\CDSVN\00.共通框架\02.源代码3.0\TestingCenterSystem.MVC\project\TestingCenterSystem.Service\BaseService.cs:行号 86
   在 TestingCenterSystem.Service.KPI.KPIService.Insert(SD_EKPI_INFO model) 位置 D:\CDSVN\00.共通框架\02.源代码3.0\TestingCenterSystem.MVC\project\TestingCenterSystem.Service\KPI\KPIService.cs:行号 105
   在 Elight.Web.Areas.TestCenterSystem.Controllers.KPIController.Form(SD_EKPI_INFOViewModel model) 位置 D:\CDSVN\00.共通框架\02.源代码3.0\TestingCenterSystem.MVC\project\Elight.Web\Areas\TestCenterSystem\Controllers\KPI\KPIController.cs:行号 83
   在 lambda_method(Closure , ControllerBase , Object[] )
   在 System.Web.Mvc.ReflectedActionDescriptor.Execute(ControllerContext controllerContext, IDictionary`2 parameters)
   在 System.Web.Mvc.ControllerActionInvoker.InvokeActionMethod(ControllerContext controllerContext, ActionDescriptor actionDescriptor, IDictionary`2 parameters)
   在 System.Web.Mvc.Async.AsyncControllerActionInvoker.<BeginInvokeSynchronousActionMethod>b__39(IAsyncResult asyncResult, ActionInvocation innerInvokeState)
   在 System.Web.Mvc.Async.AsyncResultWrapper.WrappedAsyncResult`2.CallEndDelegate(IAsyncResult asyncResult)
   在 System.Web.Mvc.Async.AsyncControllerActionInvoker.EndInvokeActionMethod(IAsyncResult asyncResult)
   在 System.Web.Mvc.Async.AsyncControllerActionInvoker.AsyncInvocationWithFilters.<InvokeActionMethodFilterAsynchronouslyRecursive>b__3d()
   在 System.Web.Mvc.Async.AsyncControllerActionInvoker.AsyncInvocationWithFilters.<>c__DisplayClass46.<InvokeActionMethodFilterAsynchronouslyRecursive>b__3f()
   在 System.Web.Mvc.Async.AsyncControllerActionInvoker.EndInvokeActionMethodWithFilters(IAsyncResult asyncResult)
   在 System.Web.Mvc.Async.AsyncControllerActionInvoker.<>c__DisplayClass21.<>c__DisplayClass2b.<BeginInvokeAction>b__1c()
   在 System.Web.Mvc.Async.AsyncControllerActionInvoker.<>c__DisplayClass21.<BeginInvokeAction>b__1e(IAsyncResult asyncResult)

