 发生时间：2017-07-14 16:22:44.1618
 日志级别：ERROR
 操作账号：
 操作者IP：
 IP归属地：
 浏 览 器：
 操作模块：
 提示信息：   在 System.Data.SqlClient.SqlInternalConnectionTds..ctor(DbConnectionPoolIdentity identity, SqlConnectionString connectionOptions, SqlCredential credential, Object providerInfo, String newPassword, SecureString newSecurePassword, Boolean redirectedUserInstance, SqlConnectionString userConnectionOptions, SessionData reconnectSessionData, DbConnectionPool pool, String accessToken, Boolean applyTransientFaultHandling)
   在 System.Data.SqlClient.SqlConnectionFactory.CreateConnection(DbConnectionOptions options, DbConnectionPoolKey poolKey, Object poolGroupProviderInfo, DbConnectionPool pool, DbConnection owningConnection, DbConnectionOptions userOptions)
   在 System.Data.ProviderBase.DbConnectionFactory.CreatePooledConnection(DbConnectionPool pool, DbConnection owningObject, DbConnectionOptions options, DbConnectionPoolKey poolKey, DbConnectionOptions userOptions)
   在 System.Data.ProviderBase.DbConnectionPool.CreateObject(DbConnection owningObject, DbConnectionOptions userOptions, DbConnectionInternal oldConnection)
   在 System.Data.ProviderBase.DbConnectionPool.UserCreateRequest(DbConnection owningObject, DbConnectionOptions userOptions, DbConnectionInternal oldConnection)
   在 System.Data.ProviderBase.DbConnectionPool.TryGetConnection(DbConnection owningObject, UInt32 waitForMultipleObjectsTimeout, Boolean allowCreate, Boolean onlyOneCheckConnection, DbConnectionOptions userOptions, DbConnectionInternal& connection)
   在 System.Data.ProviderBase.DbConnectionPool.TryGetConnection(DbConnection owningObject, TaskCompletionSource`1 retry, DbConnectionOptions userOptions, DbConnectionInternal& connection)
   在 System.Data.ProviderBase.DbConnectionFactory.TryGetConnection(DbConnection owningConnection, TaskCompletionSource`1 retry, DbConnectionOptions userOptions, DbConnectionInternal oldConnection, DbConnectionInternal& connection)
   在 System.Data.ProviderBase.DbConnectionInternal.TryOpenConnectionInternal(DbConnection outerConnection, DbConnectionFactory connectionFactory, TaskCompletionSource`1 retry, DbConnectionOptions userOptions)
   在 System.Data.ProviderBase.DbConnectionClosed.TryOpenConnection(DbConnection outerConnection, DbConnectionFactory connectionFactory, TaskCompletionSource`1 retry, DbConnectionOptions userOptions)
   在 System.Data.SqlClient.SqlConnection.TryOpenInner(TaskCompletionSource`1 retry)
   在 System.Data.SqlClient.SqlConnection.TryOpen(TaskCompletionSource`1 retry)
   在 System.Data.SqlClient.SqlConnection.Open()
   在 Elight.Entity.Database.OpenSharedConnection() 位置 D:\GitHub\elight.mvc\project\Elight.Entity\BusinessModels\PetaPoco.cs:行号 272
   在 Elight.Entity.Database.<Query>d__49`1.MoveNext() 位置 D:\GitHub\elight.mvc\project\Elight.Entity\BusinessModels\PetaPoco.cs:行号 970
   在 System.Linq.Enumerable.FirstOrDefault[TSource](IEnumerable`1 source)
   在 Elight.Entity.Database.FirstOrDefault[T](String sql, Object[] args) 位置 D:\GitHub\elight.mvc\project\Elight.Entity\BusinessModels\PetaPoco.cs:行号 1146
   在 Elight.Repository.UserRepository.GetByAccount(String account) 位置 D:\GitHub\elight.mvc\project\Elight.Repository\System\UserRepository.cs:行号 16
   在 Elight.Service.UserService.GetByUserName(String account) 位置 D:\GitHub\elight.mvc\project\Elight.Service\System\UserService.cs:行号 47
   在 Elight.Web.Controllers.AccountController.Login(String userName, String password, String verifyCode) 位置 D:\GitHub\elight.mvc\project\Elight.Web\Controllers\AccountController.cs:行号 55
   在 lambda_method(Closure , ControllerBase , Object[] )
   在 System.Web.Mvc.ActionMethodDispatcher.Execute(ControllerBase controller, Object[] parameters)
   在 System.Web.Mvc.ReflectedActionDescriptor.Execute(ControllerContext controllerContext, IDictionary`2 parameters)
   在 System.Web.Mvc.ControllerActionInvoker.InvokeActionMethod(ControllerContext controllerContext, ActionDescriptor actionDescriptor, IDictionary`2 parameters)
   在 System.Web.Mvc.Async.AsyncControllerActionInvoker.<BeginInvokeSynchronousActionMethod>b__39(IAsyncResult asyncResult, ActionInvocation innerInvokeState)
   在 System.Web.Mvc.Async.AsyncResultWrapper.WrappedAsyncResult`2.CallEndDelegate(IAsyncResult asyncResult)
   在 System.Web.Mvc.Async.AsyncResultWrapper.WrappedAsyncResultBase`1.End()
   在 System.Web.Mvc.Async.AsyncControllerActionInvoker.EndInvokeActionMethod(IAsyncResult asyncResult)
   在 System.Web.Mvc.Async.AsyncControllerActionInvoker.AsyncInvocationWithFilters.<InvokeActionMethodFilterAsynchronouslyRecursive>b__3d()
   在 System.Web.Mvc.Async.AsyncControllerActionInvoker.AsyncInvocationWithFilters.<>c__DisplayClass46.<InvokeActionMethodFilterAsynchronouslyRecursive>b__3f()
   在 System.Web.Mvc.Async.AsyncControllerActionInvoker.<>c__DisplayClass33.<BeginInvokeActionMethodWithFilters>b__32(IAsyncResult asyncResult)
   在 System.Web.Mvc.Async.AsyncResultWrapper.WrappedAsyncResult`1.CallEndDelegate(IAsyncResult asyncResult)
   在 System.Web.Mvc.Async.AsyncResultWrapper.WrappedAsyncResultBase`1.End()
   在 System.Web.Mvc.Async.AsyncControllerActionInvoker.EndInvokeActionMethodWithFilters(IAsyncResult asyncResult)
   在 System.Web.Mvc.Async.AsyncControllerActionInvoker.<>c__DisplayClass21.<>c__DisplayClass2b.<BeginInvokeAction>b__1c()
   在 System.Web.Mvc.Async.AsyncControllerActionInvoker.<>c__DisplayClass21.<BeginInvokeAction>b__1e(IAsyncResult asyncResult)

 发生时间：2017-07-14 16:57:49.7603
 日志级别：ERROR
 操作账号：
 操作者IP：
 IP归属地：
 浏 览 器：
 操作模块：
 提示信息：   在 System.Data.SqlClient.SqlConnection.OnError(SqlException exception, Boolean breakConnection, Action`1 wrapCloseInAction)
   在 System.Data.SqlClient.SqlInternalConnection.OnError(SqlException exception, Boolean breakConnection, Action`1 wrapCloseInAction)
   在 System.Data.SqlClient.TdsParser.ThrowExceptionAndWarning(TdsParserStateObject stateObj, Boolean callerHasConnectionLock, Boolean asyncClose)
   在 System.Data.SqlClient.TdsParser.TryRun(RunBehavior runBehavior, SqlCommand cmdHandler, SqlDataReader dataStream, BulkCopySimpleResultSet bulkCopyHandler, TdsParserStateObject stateObj, Boolean& dataReady)
   在 System.Data.SqlClient.SqlDataReader.TryConsumeMetaData()
   在 System.Data.SqlClient.SqlDataReader.get_MetaData()
   在 System.Data.SqlClient.SqlCommand.FinishExecuteReader(SqlDataReader ds, RunBehavior runBehavior, String resetOptionsString, Boolean isInternal, Boolean forDescribeParameterEncryption)
   在 System.Data.SqlClient.SqlCommand.RunExecuteReaderTds(CommandBehavior cmdBehavior, RunBehavior runBehavior, Boolean returnStream, Boolean async, Int32 timeout, Task& task, Boolean asyncWrite, Boolean inRetry, SqlDataReader ds, Boolean describeParameterEncryptionRequest)
   在 System.Data.SqlClient.SqlCommand.RunExecuteReader(CommandBehavior cmdBehavior, RunBehavior runBehavior, Boolean returnStream, String method, TaskCompletionSource`1 completion, Int32 timeout, Task& task, Boolean& usedCache, Boolean asyncWrite, Boolean inRetry)
   在 System.Data.SqlClient.SqlCommand.RunExecuteReader(CommandBehavior cmdBehavior, RunBehavior runBehavior, Boolean returnStream, String method)
   在 System.Data.SqlClient.SqlCommand.ExecuteReader(CommandBehavior behavior, String method)
   在 System.Data.SqlClient.SqlCommand.ExecuteDbDataReader(CommandBehavior behavior)
   在 System.Data.Common.DbCommand.System.Data.IDbCommand.ExecuteReader()
   在 Elight.Entity.Database.<Query>d__49`1.MoveNext() 位置 D:\GitHub\elight.mvc\project\Elight.Entity\BusinessModels\PetaPoco.cs:行号 985
   在 System.Linq.Enumerable.FirstOrDefault[TSource](IEnumerable`1 source)
   在 Elight.Entity.Database.FirstOrDefault[T](String sql, Object[] args) 位置 D:\GitHub\elight.mvc\project\Elight.Entity\BusinessModels\PetaPoco.cs:行号 1146
   在 Elight.Repository.UserRepository.GetByAccount(String account) 位置 D:\GitHub\elight.mvc\project\Elight.Repository\System\UserRepository.cs:行号 16
   在 Elight.Service.UserService.GetByUserName(String account) 位置 D:\GitHub\elight.mvc\project\Elight.Service\System\UserService.cs:行号 47
   在 Elight.Web.Controllers.AccountController.Login(String userName, String password, String verifyCode) 位置 D:\GitHub\elight.mvc\project\Elight.Web\Controllers\AccountController.cs:行号 55
   在 lambda_method(Closure , ControllerBase , Object[] )
   在 System.Web.Mvc.ActionMethodDispatcher.Execute(ControllerBase controller, Object[] parameters)
   在 System.Web.Mvc.ReflectedActionDescriptor.Execute(ControllerContext controllerContext, IDictionary`2 parameters)
   在 System.Web.Mvc.ControllerActionInvoker.InvokeActionMethod(ControllerContext controllerContext, ActionDescriptor actionDescriptor, IDictionary`2 parameters)
   在 System.Web.Mvc.Async.AsyncControllerActionInvoker.<BeginInvokeSynchronousActionMethod>b__39(IAsyncResult asyncResult, ActionInvocation innerInvokeState)
   在 System.Web.Mvc.Async.AsyncResultWrapper.WrappedAsyncResult`2.CallEndDelegate(IAsyncResult asyncResult)
   在 System.Web.Mvc.Async.AsyncResultWrapper.WrappedAsyncResultBase`1.End()
   在 System.Web.Mvc.Async.AsyncControllerActionInvoker.EndInvokeActionMethod(IAsyncResult asyncResult)
   在 System.Web.Mvc.Async.AsyncControllerActionInvoker.AsyncInvocationWithFilters.<InvokeActionMethodFilterAsynchronouslyRecursive>b__3d()
   在 System.Web.Mvc.Async.AsyncControllerActionInvoker.AsyncInvocationWithFilters.<>c__DisplayClass46.<InvokeActionMethodFilterAsynchronouslyRecursive>b__3f()
   在 System.Web.Mvc.Async.AsyncControllerActionInvoker.<>c__DisplayClass33.<BeginInvokeActionMethodWithFilters>b__32(IAsyncResult asyncResult)
   在 System.Web.Mvc.Async.AsyncResultWrapper.WrappedAsyncResult`1.CallEndDelegate(IAsyncResult asyncResult)
   在 System.Web.Mvc.Async.AsyncResultWrapper.WrappedAsyncResultBase`1.End()
   在 System.Web.Mvc.Async.AsyncControllerActionInvoker.EndInvokeActionMethodWithFilters(IAsyncResult asyncResult)
   在 System.Web.Mvc.Async.AsyncControllerActionInvoker.<>c__DisplayClass21.<>c__DisplayClass2b.<BeginInvokeAction>b__1c()
   在 System.Web.Mvc.Async.AsyncControllerActionInvoker.<>c__DisplayClass21.<BeginInvokeAction>b__1e(IAsyncResult asyncResult)

 发生时间：2017-07-14 17:03:07.6490
 日志级别：ERROR
 操作账号：
 操作者IP：
 IP归属地：
 浏 览 器：
 操作模块：
 提示信息：   在 System.Collections.Generic.Dictionary`2.get_Item(TKey key)
   在 Elight.Entity.Database.ExecuteUpdate(String tableName, String primaryKeyName, Object poco, Object primaryKeyValue, IEnumerable`1 columns) 位置 D:\GitHub\elight.mvc\project\Elight.Entity\BusinessModels\PetaPoco.cs:行号 1637
   在 Elight.Entity.Database.Update(Object poco, Object primaryKeyValue, IEnumerable`1 columns) 位置 D:\GitHub\elight.mvc\project\Elight.Entity\BusinessModels\PetaPoco.cs:行号 1510
   在 Elight.Entity.Database.Update(Object poco, IEnumerable`1 columns) 位置 D:\GitHub\elight.mvc\project\Elight.Entity\BusinessModels\PetaPoco.cs:行号 1473
   在 Elight.Repository.BaseRepository`1.Update(TEntity model, IEnumerable`1 columns) 位置 D:\GitHub\elight.mvc\project\Elight.Repository\BaseRepository.cs:行号 54
   在 Elight.Service.UserService.Update(Sys_User model) 位置 D:\GitHub\elight.mvc\project\Elight.Service\System\UserService.cs:行号 42
   在 Elight.Web.Areas.System.Controllers.UserController.Form(Sys_User model, String password, String roleIds) 位置 D:\GitHub\elight.mvc\project\Elight.Web\Areas\System\Controllers\UserController.cs:行号 76
   在 lambda_method(Closure , ControllerBase , Object[] )
   在 System.Web.Mvc.ActionMethodDispatcher.Execute(ControllerBase controller, Object[] parameters)
   在 System.Web.Mvc.ReflectedActionDescriptor.Execute(ControllerContext controllerContext, IDictionary`2 parameters)
   在 System.Web.Mvc.ControllerActionInvoker.InvokeActionMethod(ControllerContext controllerContext, ActionDescriptor actionDescriptor, IDictionary`2 parameters)
   在 System.Web.Mvc.Async.AsyncControllerActionInvoker.<BeginInvokeSynchronousActionMethod>b__39(IAsyncResult asyncResult, ActionInvocation innerInvokeState)
   在 System.Web.Mvc.Async.AsyncResultWrapper.WrappedAsyncResult`2.CallEndDelegate(IAsyncResult asyncResult)
   在 System.Web.Mvc.Async.AsyncResultWrapper.WrappedAsyncResultBase`1.End()
   在 System.Web.Mvc.Async.AsyncControllerActionInvoker.EndInvokeActionMethod(IAsyncResult asyncResult)
   在 System.Web.Mvc.Async.AsyncControllerActionInvoker.AsyncInvocationWithFilters.<InvokeActionMethodFilterAsynchronouslyRecursive>b__3d()
   在 System.Web.Mvc.Async.AsyncControllerActionInvoker.AsyncInvocationWithFilters.<>c__DisplayClass46.<InvokeActionMethodFilterAsynchronouslyRecursive>b__3f()
   在 System.Web.Mvc.Async.AsyncControllerActionInvoker.AsyncInvocationWithFilters.<>c__DisplayClass46.<InvokeActionMethodFilterAsynchronouslyRecursive>b__3f()
   在 System.Web.Mvc.Async.AsyncControllerActionInvoker.<>c__DisplayClass33.<BeginInvokeActionMethodWithFilters>b__32(IAsyncResult asyncResult)
   在 System.Web.Mvc.Async.AsyncResultWrapper.WrappedAsyncResult`1.CallEndDelegate(IAsyncResult asyncResult)
   在 System.Web.Mvc.Async.AsyncResultWrapper.WrappedAsyncResultBase`1.End()
   在 System.Web.Mvc.Async.AsyncControllerActionInvoker.EndInvokeActionMethodWithFilters(IAsyncResult asyncResult)
   在 System.Web.Mvc.Async.AsyncControllerActionInvoker.<>c__DisplayClass21.<>c__DisplayClass2b.<BeginInvokeAction>b__1c()
   在 System.Web.Mvc.Async.AsyncControllerActionInvoker.<>c__DisplayClass21.<BeginInvokeAction>b__1e(IAsyncResult asyncResult)

 发生时间：2017-07-14 17:03:07.6490
 日志级别：ERROR
 操作账号：admin
 操作者IP：192.168.2.127
 IP归属地：未分配或者内网IP  
 浏 览 器：Chrome 59.0
 操作模块：程序抛异常
 提示信息：   在 System.Collections.Generic.Dictionary`2.get_Item(TKey key)
   在 Elight.Entity.Database.ExecuteUpdate(String tableName, String primaryKeyName, Object poco, Object primaryKeyValue, IEnumerable`1 columns) 位置 D:\GitHub\elight.mvc\project\Elight.Entity\BusinessModels\PetaPoco.cs:行号 1637
   在 Elight.Entity.Database.Update(Object poco, Object primaryKeyValue, IEnumerable`1 columns) 位置 D:\GitHub\elight.mvc\project\Elight.Entity\BusinessModels\PetaPoco.cs:行号 1510
   在 Elight.Entity.Database.Update(Object poco, IEnumerable`1 columns) 位置 D:\GitHub\elight.mvc\project\Elight.Entity\BusinessModels\PetaPoco.cs:行号 1473
   在 Elight.Repository.BaseRepository`1.Update(TEntity model, IEnumerable`1 columns) 位置 D:\GitHub\elight.mvc\project\Elight.Repository\BaseRepository.cs:行号 54
   在 Elight.Service.UserService.Update(Sys_User model) 位置 D:\GitHub\elight.mvc\project\Elight.Service\System\UserService.cs:行号 42
   在 Elight.Web.Areas.System.Controllers.UserController.Form(Sys_User model, String password, String roleIds) 位置 D:\GitHub\elight.mvc\project\Elight.Web\Areas\System\Controllers\UserController.cs:行号 76
   在 lambda_method(Closure , ControllerBase , Object[] )
   在 System.Web.Mvc.ActionMethodDispatcher.Execute(ControllerBase controller, Object[] parameters)
   在 System.Web.Mvc.ReflectedActionDescriptor.Execute(ControllerContext controllerContext, IDictionary`2 parameters)
   在 System.Web.Mvc.ControllerActionInvoker.InvokeActionMethod(ControllerContext controllerContext, ActionDescriptor actionDescriptor, IDictionary`2 parameters)
   在 System.Web.Mvc.Async.AsyncControllerActionInvoker.<BeginInvokeSynchronousActionMethod>b__39(IAsyncResult asyncResult, ActionInvocation innerInvokeState)
   在 System.Web.Mvc.Async.AsyncResultWrapper.WrappedAsyncResult`2.CallEndDelegate(IAsyncResult asyncResult)
   在 System.Web.Mvc.Async.AsyncResultWrapper.WrappedAsyncResultBase`1.End()
   在 System.Web.Mvc.Async.AsyncControllerActionInvoker.EndInvokeActionMethod(IAsyncResult asyncResult)
   在 System.Web.Mvc.Async.AsyncControllerActionInvoker.AsyncInvocationWithFilters.<InvokeActionMethodFilterAsynchronouslyRecursive>b__3d()
   在 System.Web.Mvc.Async.AsyncControllerActionInvoker.AsyncInvocationWithFilters.<>c__DisplayClass46.<InvokeActionMethodFilterAsynchronouslyRecursive>b__3f()
   在 System.Web.Mvc.Async.AsyncControllerActionInvoker.AsyncInvocationWithFilters.<>c__DisplayClass46.<InvokeActionMethodFilterAsynchronouslyRecursive>b__3f()
   在 System.Web.Mvc.Async.AsyncControllerActionInvoker.<>c__DisplayClass33.<BeginInvokeActionMethodWithFilters>b__32(IAsyncResult asyncResult)
   在 System.Web.Mvc.Async.AsyncResultWrapper.WrappedAsyncResult`1.CallEndDelegate(IAsyncResult asyncResult)
   在 System.Web.Mvc.Async.AsyncResultWrapper.WrappedAsyncResultBase`1.End()
   在 System.Web.Mvc.Async.AsyncControllerActionInvoker.EndInvokeActionMethodWithFilters(IAsyncResult asyncResult)
   在 System.Web.Mvc.Async.AsyncControllerActionInvoker.<>c__DisplayClass21.<>c__DisplayClass2b.<BeginInvokeAction>b__1c()
   在 System.Web.Mvc.Async.AsyncControllerActionInvoker.<>c__DisplayClass21.<BeginInvokeAction>b__1e(IAsyncResult asyncResult)

 发生时间：2017-07-14 17:03:41.5193
 日志级别：ERROR
 操作账号：
 操作者IP：
 IP归属地：
 浏 览 器：
 操作模块：
 提示信息：   在 System.Collections.Generic.Dictionary`2.get_Item(TKey key)
   在 Elight.Entity.Database.ExecuteUpdate(String tableName, String primaryKeyName, Object poco, Object primaryKeyValue, IEnumerable`1 columns) 位置 D:\GitHub\elight.mvc\project\Elight.Entity\BusinessModels\PetaPoco.cs:行号 1637
   在 Elight.Entity.Database.Update(Object poco, Object primaryKeyValue, IEnumerable`1 columns) 位置 D:\GitHub\elight.mvc\project\Elight.Entity\BusinessModels\PetaPoco.cs:行号 1510
   在 Elight.Entity.Database.Update(Object poco, IEnumerable`1 columns) 位置 D:\GitHub\elight.mvc\project\Elight.Entity\BusinessModels\PetaPoco.cs:行号 1473
   在 Elight.Repository.BaseRepository`1.Update(TEntity model, IEnumerable`1 columns) 位置 D:\GitHub\elight.mvc\project\Elight.Repository\BaseRepository.cs:行号 54
   在 Elight.Service.UserService.Update(Sys_User model) 位置 D:\GitHub\elight.mvc\project\Elight.Service\System\UserService.cs:行号 42
   在 Elight.Web.Areas.System.Controllers.UserController.Form(Sys_User model, String password, String roleIds) 位置 D:\GitHub\elight.mvc\project\Elight.Web\Areas\System\Controllers\UserController.cs:行号 76
   在 lambda_method(Closure , ControllerBase , Object[] )
   在 System.Web.Mvc.ActionMethodDispatcher.Execute(ControllerBase controller, Object[] parameters)
   在 System.Web.Mvc.ReflectedActionDescriptor.Execute(ControllerContext controllerContext, IDictionary`2 parameters)
   在 System.Web.Mvc.ControllerActionInvoker.InvokeActionMethod(ControllerContext controllerContext, ActionDescriptor actionDescriptor, IDictionary`2 parameters)
   在 System.Web.Mvc.Async.AsyncControllerActionInvoker.<BeginInvokeSynchronousActionMethod>b__39(IAsyncResult asyncResult, ActionInvocation innerInvokeState)
   在 System.Web.Mvc.Async.AsyncResultWrapper.WrappedAsyncResult`2.CallEndDelegate(IAsyncResult asyncResult)
   在 System.Web.Mvc.Async.AsyncResultWrapper.WrappedAsyncResultBase`1.End()
   在 System.Web.Mvc.Async.AsyncControllerActionInvoker.EndInvokeActionMethod(IAsyncResult asyncResult)
   在 System.Web.Mvc.Async.AsyncControllerActionInvoker.AsyncInvocationWithFilters.<InvokeActionMethodFilterAsynchronouslyRecursive>b__3d()
   在 System.Web.Mvc.Async.AsyncControllerActionInvoker.AsyncInvocationWithFilters.<>c__DisplayClass46.<InvokeActionMethodFilterAsynchronouslyRecursive>b__3f()
   在 System.Web.Mvc.Async.AsyncControllerActionInvoker.AsyncInvocationWithFilters.<>c__DisplayClass46.<InvokeActionMethodFilterAsynchronouslyRecursive>b__3f()
   在 System.Web.Mvc.Async.AsyncControllerActionInvoker.<>c__DisplayClass33.<BeginInvokeActionMethodWithFilters>b__32(IAsyncResult asyncResult)
   在 System.Web.Mvc.Async.AsyncResultWrapper.WrappedAsyncResult`1.CallEndDelegate(IAsyncResult asyncResult)
   在 System.Web.Mvc.Async.AsyncResultWrapper.WrappedAsyncResultBase`1.End()
   在 System.Web.Mvc.Async.AsyncControllerActionInvoker.EndInvokeActionMethodWithFilters(IAsyncResult asyncResult)
   在 System.Web.Mvc.Async.AsyncControllerActionInvoker.<>c__DisplayClass21.<>c__DisplayClass2b.<BeginInvokeAction>b__1c()
   在 System.Web.Mvc.Async.AsyncControllerActionInvoker.<>c__DisplayClass21.<BeginInvokeAction>b__1e(IAsyncResult asyncResult)

 发生时间：2017-07-14 17:03:41.5193
 日志级别：ERROR
 操作账号：admin
 操作者IP：192.168.2.127
 IP归属地：未分配或者内网IP  
 浏 览 器：Chrome 59.0
 操作模块：程序抛异常
 提示信息：   在 System.Collections.Generic.Dictionary`2.get_Item(TKey key)
   在 Elight.Entity.Database.ExecuteUpdate(String tableName, String primaryKeyName, Object poco, Object primaryKeyValue, IEnumerable`1 columns) 位置 D:\GitHub\elight.mvc\project\Elight.Entity\BusinessModels\PetaPoco.cs:行号 1637
   在 Elight.Entity.Database.Update(Object poco, Object primaryKeyValue, IEnumerable`1 columns) 位置 D:\GitHub\elight.mvc\project\Elight.Entity\BusinessModels\PetaPoco.cs:行号 1510
   在 Elight.Entity.Database.Update(Object poco, IEnumerable`1 columns) 位置 D:\GitHub\elight.mvc\project\Elight.Entity\BusinessModels\PetaPoco.cs:行号 1473
   在 Elight.Repository.BaseRepository`1.Update(TEntity model, IEnumerable`1 columns) 位置 D:\GitHub\elight.mvc\project\Elight.Repository\BaseRepository.cs:行号 54
   在 Elight.Service.UserService.Update(Sys_User model) 位置 D:\GitHub\elight.mvc\project\Elight.Service\System\UserService.cs:行号 42
   在 Elight.Web.Areas.System.Controllers.UserController.Form(Sys_User model, String password, String roleIds) 位置 D:\GitHub\elight.mvc\project\Elight.Web\Areas\System\Controllers\UserController.cs:行号 76
   在 lambda_method(Closure , ControllerBase , Object[] )
   在 System.Web.Mvc.ActionMethodDispatcher.Execute(ControllerBase controller, Object[] parameters)
   在 System.Web.Mvc.ReflectedActionDescriptor.Execute(ControllerContext controllerContext, IDictionary`2 parameters)
   在 System.Web.Mvc.ControllerActionInvoker.InvokeActionMethod(ControllerContext controllerContext, ActionDescriptor actionDescriptor, IDictionary`2 parameters)
   在 System.Web.Mvc.Async.AsyncControllerActionInvoker.<BeginInvokeSynchronousActionMethod>b__39(IAsyncResult asyncResult, ActionInvocation innerInvokeState)
   在 System.Web.Mvc.Async.AsyncResultWrapper.WrappedAsyncResult`2.CallEndDelegate(IAsyncResult asyncResult)
   在 System.Web.Mvc.Async.AsyncResultWrapper.WrappedAsyncResultBase`1.End()
   在 System.Web.Mvc.Async.AsyncControllerActionInvoker.EndInvokeActionMethod(IAsyncResult asyncResult)
   在 System.Web.Mvc.Async.AsyncControllerActionInvoker.AsyncInvocationWithFilters.<InvokeActionMethodFilterAsynchronouslyRecursive>b__3d()
   在 System.Web.Mvc.Async.AsyncControllerActionInvoker.AsyncInvocationWithFilters.<>c__DisplayClass46.<InvokeActionMethodFilterAsynchronouslyRecursive>b__3f()
   在 System.Web.Mvc.Async.AsyncControllerActionInvoker.AsyncInvocationWithFilters.<>c__DisplayClass46.<InvokeActionMethodFilterAsynchronouslyRecursive>b__3f()
   在 System.Web.Mvc.Async.AsyncControllerActionInvoker.<>c__DisplayClass33.<BeginInvokeActionMethodWithFilters>b__32(IAsyncResult asyncResult)
   在 System.Web.Mvc.Async.AsyncResultWrapper.WrappedAsyncResult`1.CallEndDelegate(IAsyncResult asyncResult)
   在 System.Web.Mvc.Async.AsyncResultWrapper.WrappedAsyncResultBase`1.End()
   在 System.Web.Mvc.Async.AsyncControllerActionInvoker.EndInvokeActionMethodWithFilters(IAsyncResult asyncResult)
   在 System.Web.Mvc.Async.AsyncControllerActionInvoker.<>c__DisplayClass21.<>c__DisplayClass2b.<BeginInvokeAction>b__1c()
   在 System.Web.Mvc.Async.AsyncControllerActionInvoker.<>c__DisplayClass21.<BeginInvokeAction>b__1e(IAsyncResult asyncResult)

 发生时间：2017-07-14 17:14:16.6318
 日志级别：ERROR
 操作账号：
 操作者IP：
 IP归属地：
 浏 览 器：
 操作模块：
 提示信息：   在 System.Collections.Generic.Dictionary`2.get_Item(TKey key)
   在 Elight.Entity.Database.ExecuteUpdate(String tableName, String primaryKeyName, Object poco, Object primaryKeyValue, IEnumerable`1 columns) 位置 D:\GitHub\elight.mvc\project\Elight.Entity\BusinessModels\PetaPoco.cs:行号 1637
   在 Elight.Entity.Database.Update(Object poco, Object primaryKeyValue, IEnumerable`1 columns) 位置 D:\GitHub\elight.mvc\project\Elight.Entity\BusinessModels\PetaPoco.cs:行号 1510
   在 Elight.Entity.Database.Update(Object poco, IEnumerable`1 columns) 位置 D:\GitHub\elight.mvc\project\Elight.Entity\BusinessModels\PetaPoco.cs:行号 1473
   在 Elight.Repository.BaseRepository`1.Update(TEntity model, IEnumerable`1 columns) 位置 D:\GitHub\elight.mvc\project\Elight.Repository\BaseRepository.cs:行号 54
   在 Elight.Service.UserService.Update(Sys_User model) 位置 D:\GitHub\elight.mvc\project\Elight.Service\System\UserService.cs:行号 42
   在 Elight.Web.Areas.System.Controllers.UserController.Form(Sys_User model, String password, String roleIds) 位置 D:\GitHub\elight.mvc\project\Elight.Web\Areas\System\Controllers\UserController.cs:行号 76
   在 lambda_method(Closure , ControllerBase , Object[] )
   在 System.Web.Mvc.ActionMethodDispatcher.Execute(ControllerBase controller, Object[] parameters)
   在 System.Web.Mvc.ReflectedActionDescriptor.Execute(ControllerContext controllerContext, IDictionary`2 parameters)
   在 System.Web.Mvc.ControllerActionInvoker.InvokeActionMethod(ControllerContext controllerContext, ActionDescriptor actionDescriptor, IDictionary`2 parameters)
   在 System.Web.Mvc.Async.AsyncControllerActionInvoker.<BeginInvokeSynchronousActionMethod>b__39(IAsyncResult asyncResult, ActionInvocation innerInvokeState)
   在 System.Web.Mvc.Async.AsyncResultWrapper.WrappedAsyncResult`2.CallEndDelegate(IAsyncResult asyncResult)
   在 System.Web.Mvc.Async.AsyncResultWrapper.WrappedAsyncResultBase`1.End()
   在 System.Web.Mvc.Async.AsyncControllerActionInvoker.EndInvokeActionMethod(IAsyncResult asyncResult)
   在 System.Web.Mvc.Async.AsyncControllerActionInvoker.AsyncInvocationWithFilters.<InvokeActionMethodFilterAsynchronouslyRecursive>b__3d()
   在 System.Web.Mvc.Async.AsyncControllerActionInvoker.AsyncInvocationWithFilters.<>c__DisplayClass46.<InvokeActionMethodFilterAsynchronouslyRecursive>b__3f()
   在 System.Web.Mvc.Async.AsyncControllerActionInvoker.AsyncInvocationWithFilters.<>c__DisplayClass46.<InvokeActionMethodFilterAsynchronouslyRecursive>b__3f()
   在 System.Web.Mvc.Async.AsyncControllerActionInvoker.<>c__DisplayClass33.<BeginInvokeActionMethodWithFilters>b__32(IAsyncResult asyncResult)
   在 System.Web.Mvc.Async.AsyncResultWrapper.WrappedAsyncResult`1.CallEndDelegate(IAsyncResult asyncResult)
   在 System.Web.Mvc.Async.AsyncResultWrapper.WrappedAsyncResultBase`1.End()
   在 System.Web.Mvc.Async.AsyncControllerActionInvoker.EndInvokeActionMethodWithFilters(IAsyncResult asyncResult)
   在 System.Web.Mvc.Async.AsyncControllerActionInvoker.<>c__DisplayClass21.<>c__DisplayClass2b.<BeginInvokeAction>b__1c()
   在 System.Web.Mvc.Async.AsyncControllerActionInvoker.<>c__DisplayClass21.<BeginInvokeAction>b__1e(IAsyncResult asyncResult)

 发生时间：2017-07-14 17:14:16.6318
 日志级别：ERROR
 操作账号：admin
 操作者IP：192.168.2.127
 IP归属地：未分配或者内网IP  
 浏 览 器：Chrome 59.0
 操作模块：程序抛异常
 提示信息：   在 System.Collections.Generic.Dictionary`2.get_Item(TKey key)
   在 Elight.Entity.Database.ExecuteUpdate(String tableName, String primaryKeyName, Object poco, Object primaryKeyValue, IEnumerable`1 columns) 位置 D:\GitHub\elight.mvc\project\Elight.Entity\BusinessModels\PetaPoco.cs:行号 1637
   在 Elight.Entity.Database.Update(Object poco, Object primaryKeyValue, IEnumerable`1 columns) 位置 D:\GitHub\elight.mvc\project\Elight.Entity\BusinessModels\PetaPoco.cs:行号 1510
   在 Elight.Entity.Database.Update(Object poco, IEnumerable`1 columns) 位置 D:\GitHub\elight.mvc\project\Elight.Entity\BusinessModels\PetaPoco.cs:行号 1473
   在 Elight.Repository.BaseRepository`1.Update(TEntity model, IEnumerable`1 columns) 位置 D:\GitHub\elight.mvc\project\Elight.Repository\BaseRepository.cs:行号 54
   在 Elight.Service.UserService.Update(Sys_User model) 位置 D:\GitHub\elight.mvc\project\Elight.Service\System\UserService.cs:行号 42
   在 Elight.Web.Areas.System.Controllers.UserController.Form(Sys_User model, String password, String roleIds) 位置 D:\GitHub\elight.mvc\project\Elight.Web\Areas\System\Controllers\UserController.cs:行号 76
   在 lambda_method(Closure , ControllerBase , Object[] )
   在 System.Web.Mvc.ActionMethodDispatcher.Execute(ControllerBase controller, Object[] parameters)
   在 System.Web.Mvc.ReflectedActionDescriptor.Execute(ControllerContext controllerContext, IDictionary`2 parameters)
   在 System.Web.Mvc.ControllerActionInvoker.InvokeActionMethod(ControllerContext controllerContext, ActionDescriptor actionDescriptor, IDictionary`2 parameters)
   在 System.Web.Mvc.Async.AsyncControllerActionInvoker.<BeginInvokeSynchronousActionMethod>b__39(IAsyncResult asyncResult, ActionInvocation innerInvokeState)
   在 System.Web.Mvc.Async.AsyncResultWrapper.WrappedAsyncResult`2.CallEndDelegate(IAsyncResult asyncResult)
   在 System.Web.Mvc.Async.AsyncResultWrapper.WrappedAsyncResultBase`1.End()
   在 System.Web.Mvc.Async.AsyncControllerActionInvoker.EndInvokeActionMethod(IAsyncResult asyncResult)
   在 System.Web.Mvc.Async.AsyncControllerActionInvoker.AsyncInvocationWithFilters.<InvokeActionMethodFilterAsynchronouslyRecursive>b__3d()
   在 System.Web.Mvc.Async.AsyncControllerActionInvoker.AsyncInvocationWithFilters.<>c__DisplayClass46.<InvokeActionMethodFilterAsynchronouslyRecursive>b__3f()
   在 System.Web.Mvc.Async.AsyncControllerActionInvoker.AsyncInvocationWithFilters.<>c__DisplayClass46.<InvokeActionMethodFilterAsynchronouslyRecursive>b__3f()
   在 System.Web.Mvc.Async.AsyncControllerActionInvoker.<>c__DisplayClass33.<BeginInvokeActionMethodWithFilters>b__32(IAsyncResult asyncResult)
   在 System.Web.Mvc.Async.AsyncResultWrapper.WrappedAsyncResult`1.CallEndDelegate(IAsyncResult asyncResult)
   在 System.Web.Mvc.Async.AsyncResultWrapper.WrappedAsyncResultBase`1.End()
   在 System.Web.Mvc.Async.AsyncControllerActionInvoker.EndInvokeActionMethodWithFilters(IAsyncResult asyncResult)
   在 System.Web.Mvc.Async.AsyncControllerActionInvoker.<>c__DisplayClass21.<>c__DisplayClass2b.<BeginInvokeAction>b__1c()
   在 System.Web.Mvc.Async.AsyncControllerActionInvoker.<>c__DisplayClass21.<BeginInvokeAction>b__1e(IAsyncResult asyncResult)

 发生时间：2017-07-14 17:34:50.0114
 日志级别：ERROR
 操作账号：
 操作者IP：
 IP归属地：
 浏 览 器：
 操作模块：
 提示信息：   在 System.Collections.Generic.Dictionary`2.get_Item(TKey key)
   在 Elight.Entity.Database.ExecuteUpdate(String tableName, String primaryKeyName, Object poco, Object primaryKeyValue, IEnumerable`1 columns) 位置 D:\GitHub\elight.mvc\project\Elight.Entity\BusinessModels\PetaPoco.cs:行号 1638
   在 Elight.Entity.Database.Update(Object poco, Object primaryKeyValue, IEnumerable`1 columns) 位置 D:\GitHub\elight.mvc\project\Elight.Entity\BusinessModels\PetaPoco.cs:行号 1510
   在 Elight.Entity.Database.Update(Object poco, IEnumerable`1 columns) 位置 D:\GitHub\elight.mvc\project\Elight.Entity\BusinessModels\PetaPoco.cs:行号 1473
   在 Elight.Repository.BaseRepository`1.Update(TEntity model, IEnumerable`1 columns) 位置 D:\GitHub\elight.mvc\project\Elight.Repository\BaseRepository.cs:行号 54
   在 Elight.Service.UserService.Update(Sys_User model) 位置 D:\GitHub\elight.mvc\project\Elight.Service\System\UserService.cs:行号 42
   在 Elight.Web.Areas.System.Controllers.UserController.Form(Sys_User model, String password, String roleIds) 位置 D:\GitHub\elight.mvc\project\Elight.Web\Areas\System\Controllers\UserController.cs:行号 76
   在 lambda_method(Closure , ControllerBase , Object[] )
   在 System.Web.Mvc.ReflectedActionDescriptor.Execute(ControllerContext controllerContext, IDictionary`2 parameters)
   在 System.Web.Mvc.ControllerActionInvoker.InvokeActionMethod(ControllerContext controllerContext, ActionDescriptor actionDescriptor, IDictionary`2 parameters)
   在 System.Web.Mvc.Async.AsyncControllerActionInvoker.<BeginInvokeSynchronousActionMethod>b__39(IAsyncResult asyncResult, ActionInvocation innerInvokeState)
   在 System.Web.Mvc.Async.AsyncResultWrapper.WrappedAsyncResult`2.CallEndDelegate(IAsyncResult asyncResult)
   在 System.Web.Mvc.Async.AsyncControllerActionInvoker.EndInvokeActionMethod(IAsyncResult asyncResult)
   在 System.Web.Mvc.Async.AsyncControllerActionInvoker.AsyncInvocationWithFilters.<InvokeActionMethodFilterAsynchronouslyRecursive>b__3d()
   在 System.Web.Mvc.Async.AsyncControllerActionInvoker.AsyncInvocationWithFilters.<>c__DisplayClass46.<InvokeActionMethodFilterAsynchronouslyRecursive>b__3f()
   在 System.Web.Mvc.Async.AsyncControllerActionInvoker.AsyncInvocationWithFilters.<>c__DisplayClass46.<InvokeActionMethodFilterAsynchronouslyRecursive>b__3f()
   在 System.Web.Mvc.Async.AsyncControllerActionInvoker.EndInvokeActionMethodWithFilters(IAsyncResult asyncResult)
   在 System.Web.Mvc.Async.AsyncControllerActionInvoker.<>c__DisplayClass21.<>c__DisplayClass2b.<BeginInvokeAction>b__1c()
   在 System.Web.Mvc.Async.AsyncControllerActionInvoker.<>c__DisplayClass21.<BeginInvokeAction>b__1e(IAsyncResult asyncResult)

 发生时间：2017-07-14 17:34:50.0160
 日志级别：ERROR
 操作账号：admin
 操作者IP：192.168.2.127
 IP归属地：未分配或者内网IP  
 浏 览 器：Chrome 59.0
 操作模块：程序抛异常
 提示信息：   在 System.Collections.Generic.Dictionary`2.get_Item(TKey key)
   在 Elight.Entity.Database.ExecuteUpdate(String tableName, String primaryKeyName, Object poco, Object primaryKeyValue, IEnumerable`1 columns) 位置 D:\GitHub\elight.mvc\project\Elight.Entity\BusinessModels\PetaPoco.cs:行号 1638
   在 Elight.Entity.Database.Update(Object poco, Object primaryKeyValue, IEnumerable`1 columns) 位置 D:\GitHub\elight.mvc\project\Elight.Entity\BusinessModels\PetaPoco.cs:行号 1510
   在 Elight.Entity.Database.Update(Object poco, IEnumerable`1 columns) 位置 D:\GitHub\elight.mvc\project\Elight.Entity\BusinessModels\PetaPoco.cs:行号 1473
   在 Elight.Repository.BaseRepository`1.Update(TEntity model, IEnumerable`1 columns) 位置 D:\GitHub\elight.mvc\project\Elight.Repository\BaseRepository.cs:行号 54
   在 Elight.Service.UserService.Update(Sys_User model) 位置 D:\GitHub\elight.mvc\project\Elight.Service\System\UserService.cs:行号 42
   在 Elight.Web.Areas.System.Controllers.UserController.Form(Sys_User model, String password, String roleIds) 位置 D:\GitHub\elight.mvc\project\Elight.Web\Areas\System\Controllers\UserController.cs:行号 76
   在 lambda_method(Closure , ControllerBase , Object[] )
   在 System.Web.Mvc.ReflectedActionDescriptor.Execute(ControllerContext controllerContext, IDictionary`2 parameters)
   在 System.Web.Mvc.ControllerActionInvoker.InvokeActionMethod(ControllerContext controllerContext, ActionDescriptor actionDescriptor, IDictionary`2 parameters)
   在 System.Web.Mvc.Async.AsyncControllerActionInvoker.<BeginInvokeSynchronousActionMethod>b__39(IAsyncResult asyncResult, ActionInvocation innerInvokeState)
   在 System.Web.Mvc.Async.AsyncResultWrapper.WrappedAsyncResult`2.CallEndDelegate(IAsyncResult asyncResult)
   在 System.Web.Mvc.Async.AsyncControllerActionInvoker.EndInvokeActionMethod(IAsyncResult asyncResult)
   在 System.Web.Mvc.Async.AsyncControllerActionInvoker.AsyncInvocationWithFilters.<InvokeActionMethodFilterAsynchronouslyRecursive>b__3d()
   在 System.Web.Mvc.Async.AsyncControllerActionInvoker.AsyncInvocationWithFilters.<>c__DisplayClass46.<InvokeActionMethodFilterAsynchronouslyRecursive>b__3f()
   在 System.Web.Mvc.Async.AsyncControllerActionInvoker.AsyncInvocationWithFilters.<>c__DisplayClass46.<InvokeActionMethodFilterAsynchronouslyRecursive>b__3f()
   在 System.Web.Mvc.Async.AsyncControllerActionInvoker.EndInvokeActionMethodWithFilters(IAsyncResult asyncResult)
   在 System.Web.Mvc.Async.AsyncControllerActionInvoker.<>c__DisplayClass21.<>c__DisplayClass2b.<BeginInvokeAction>b__1c()
   在 System.Web.Mvc.Async.AsyncControllerActionInvoker.<>c__DisplayClass21.<BeginInvokeAction>b__1e(IAsyncResult asyncResult)

 发生时间：2017-07-14 17:34:51.7887
 日志级别：ERROR
 操作账号：
 操作者IP：
 IP归属地：
 浏 览 器：
 操作模块：
 提示信息：   在 System.Collections.Generic.Dictionary`2.get_Item(TKey key)
   在 Elight.Entity.Database.ExecuteUpdate(String tableName, String primaryKeyName, Object poco, Object primaryKeyValue, IEnumerable`1 columns) 位置 D:\GitHub\elight.mvc\project\Elight.Entity\BusinessModels\PetaPoco.cs:行号 1638
   在 Elight.Entity.Database.Update(Object poco, Object primaryKeyValue, IEnumerable`1 columns) 位置 D:\GitHub\elight.mvc\project\Elight.Entity\BusinessModels\PetaPoco.cs:行号 1510
   在 Elight.Entity.Database.Update(Object poco, IEnumerable`1 columns) 位置 D:\GitHub\elight.mvc\project\Elight.Entity\BusinessModels\PetaPoco.cs:行号 1473
   在 Elight.Repository.BaseRepository`1.Update(TEntity model, IEnumerable`1 columns) 位置 D:\GitHub\elight.mvc\project\Elight.Repository\BaseRepository.cs:行号 54
   在 Elight.Service.UserService.Update(Sys_User model) 位置 D:\GitHub\elight.mvc\project\Elight.Service\System\UserService.cs:行号 42
   在 Elight.Web.Areas.System.Controllers.UserController.Form(Sys_User model, String password, String roleIds) 位置 D:\GitHub\elight.mvc\project\Elight.Web\Areas\System\Controllers\UserController.cs:行号 76
   在 lambda_method(Closure , ControllerBase , Object[] )
   在 System.Web.Mvc.ReflectedActionDescriptor.Execute(ControllerContext controllerContext, IDictionary`2 parameters)
   在 System.Web.Mvc.ControllerActionInvoker.InvokeActionMethod(ControllerContext controllerContext, ActionDescriptor actionDescriptor, IDictionary`2 parameters)
   在 System.Web.Mvc.Async.AsyncControllerActionInvoker.<BeginInvokeSynchronousActionMethod>b__39(IAsyncResult asyncResult, ActionInvocation innerInvokeState)
   在 System.Web.Mvc.Async.AsyncResultWrapper.WrappedAsyncResult`2.CallEndDelegate(IAsyncResult asyncResult)
   在 System.Web.Mvc.Async.AsyncControllerActionInvoker.EndInvokeActionMethod(IAsyncResult asyncResult)
   在 System.Web.Mvc.Async.AsyncControllerActionInvoker.AsyncInvocationWithFilters.<InvokeActionMethodFilterAsynchronouslyRecursive>b__3d()
   在 System.Web.Mvc.Async.AsyncControllerActionInvoker.AsyncInvocationWithFilters.<>c__DisplayClass46.<InvokeActionMethodFilterAsynchronouslyRecursive>b__3f()
   在 System.Web.Mvc.Async.AsyncControllerActionInvoker.AsyncInvocationWithFilters.<>c__DisplayClass46.<InvokeActionMethodFilterAsynchronouslyRecursive>b__3f()
   在 System.Web.Mvc.Async.AsyncControllerActionInvoker.EndInvokeActionMethodWithFilters(IAsyncResult asyncResult)
   在 System.Web.Mvc.Async.AsyncControllerActionInvoker.<>c__DisplayClass21.<>c__DisplayClass2b.<BeginInvokeAction>b__1c()
   在 System.Web.Mvc.Async.AsyncControllerActionInvoker.<>c__DisplayClass21.<BeginInvokeAction>b__1e(IAsyncResult asyncResult)

 发生时间：2017-07-14 17:34:51.7887
 日志级别：ERROR
 操作账号：admin
 操作者IP：192.168.2.127
 IP归属地：未分配或者内网IP  
 浏 览 器：Chrome 59.0
 操作模块：程序抛异常
 提示信息：   在 System.Collections.Generic.Dictionary`2.get_Item(TKey key)
   在 Elight.Entity.Database.ExecuteUpdate(String tableName, String primaryKeyName, Object poco, Object primaryKeyValue, IEnumerable`1 columns) 位置 D:\GitHub\elight.mvc\project\Elight.Entity\BusinessModels\PetaPoco.cs:行号 1638
   在 Elight.Entity.Database.Update(Object poco, Object primaryKeyValue, IEnumerable`1 columns) 位置 D:\GitHub\elight.mvc\project\Elight.Entity\BusinessModels\PetaPoco.cs:行号 1510
   在 Elight.Entity.Database.Update(Object poco, IEnumerable`1 columns) 位置 D:\GitHub\elight.mvc\project\Elight.Entity\BusinessModels\PetaPoco.cs:行号 1473
   在 Elight.Repository.BaseRepository`1.Update(TEntity model, IEnumerable`1 columns) 位置 D:\GitHub\elight.mvc\project\Elight.Repository\BaseRepository.cs:行号 54
   在 Elight.Service.UserService.Update(Sys_User model) 位置 D:\GitHub\elight.mvc\project\Elight.Service\System\UserService.cs:行号 42
   在 Elight.Web.Areas.System.Controllers.UserController.Form(Sys_User model, String password, String roleIds) 位置 D:\GitHub\elight.mvc\project\Elight.Web\Areas\System\Controllers\UserController.cs:行号 76
   在 lambda_method(Closure , ControllerBase , Object[] )
   在 System.Web.Mvc.ReflectedActionDescriptor.Execute(ControllerContext controllerContext, IDictionary`2 parameters)
   在 System.Web.Mvc.ControllerActionInvoker.InvokeActionMethod(ControllerContext controllerContext, ActionDescriptor actionDescriptor, IDictionary`2 parameters)
   在 System.Web.Mvc.Async.AsyncControllerActionInvoker.<BeginInvokeSynchronousActionMethod>b__39(IAsyncResult asyncResult, ActionInvocation innerInvokeState)
   在 System.Web.Mvc.Async.AsyncResultWrapper.WrappedAsyncResult`2.CallEndDelegate(IAsyncResult asyncResult)
   在 System.Web.Mvc.Async.AsyncControllerActionInvoker.EndInvokeActionMethod(IAsyncResult asyncResult)
   在 System.Web.Mvc.Async.AsyncControllerActionInvoker.AsyncInvocationWithFilters.<InvokeActionMethodFilterAsynchronouslyRecursive>b__3d()
   在 System.Web.Mvc.Async.AsyncControllerActionInvoker.AsyncInvocationWithFilters.<>c__DisplayClass46.<InvokeActionMethodFilterAsynchronouslyRecursive>b__3f()
   在 System.Web.Mvc.Async.AsyncControllerActionInvoker.AsyncInvocationWithFilters.<>c__DisplayClass46.<InvokeActionMethodFilterAsynchronouslyRecursive>b__3f()
   在 System.Web.Mvc.Async.AsyncControllerActionInvoker.EndInvokeActionMethodWithFilters(IAsyncResult asyncResult)
   在 System.Web.Mvc.Async.AsyncControllerActionInvoker.<>c__DisplayClass21.<>c__DisplayClass2b.<BeginInvokeAction>b__1c()
   在 System.Web.Mvc.Async.AsyncControllerActionInvoker.<>c__DisplayClass21.<BeginInvokeAction>b__1e(IAsyncResult asyncResult)

